<?xml version="1.0" encoding="UTF-8"?>
<!-- Generated by org.testng.reporters.JUnitReportReporter -->
<testsuite hostname="LIN-PG02HH05" failures="0" tests="1" name="testcases.NewTest" time="8.301" errors="0" timestamp="11 Mar 2024 11:19:39 GMT">
  <testcase classname="testcases.NewTest" name="f" time="8.301"/>
</testsuite> <!-- testcases.NewTest -->
